Build started 12/11/2014 6:47:36 PM.
     1>Project "C:\Users\xcy\Documents\GitHub\trackers\trackers.vcxproj" on node 2 (Build target(s)).
     1>ClCompile:
         C:\Program Files (x86)\Microsoft Visual Studio 12.0\VC\bin\CL.exe /c /Zi /nologo /W3 /WX- /Od /Oy- /D WIN32 /D _DEBUG /D _WINDOWS /Gm /EHsc /RTC1 /MDd /GS /fp:precise /Zc:wchar_t /Zc:forScope /Fo"Debug\\" /Fd"Debug\vc120.pdb" /Gd /TP /analyze- /errorReport:prompt examples\cvtest.cpp
         cvtest.cpp
     1>examples\cvtest.cpp(82): warning C4804: '~' : unsafe use of type 'bool' in operation
     1>examples\cvtest.cpp(42): warning C4101: 'fnamestr' : unreferenced local variable
       Link:
         C:\Program Files (x86)\Microsoft Visual Studio 12.0\VC\bin\link.exe /ERRORREPORT:PROMPT /OUT:"C:\Users\xcy\Documents\GitHub\trackers\Debug\trackers.exe" /INCREMENTAL /NOLOGO opencv_calib3d249d.lib opencv_contrib249d.lib opencv_core249d.lib opencv_features2d249d.lib opencv_flann249d.lib opencv_gpu249d.lib opencv_highgui249d.lib opencv_imgproc249d.lib opencv_legacy249d.lib opencv_ml249d.lib opencv_nonfree249d.lib opencv_objdetect249d.lib opencv_ocl249d.lib opencv_photo249d.lib opencv_stitching249d.lib opencv_superres249d.lib opencv_ts249d.lib opencv_video249d.lib opencv_videostab249d.lib kernel32.lib user32.lib gdi32.lib winspool.lib comdlg32.lib advapi32.lib shell32.lib ole32.lib oleaut32.lib uuid.lib odbc32.lib odbccp32.lib /MANIFEST /MANIFESTUAC:"level='asInvoker' uiAccess='false'" /manifest:embed /DEBUG /PDB:"C:\Users\xcy\Documents\GitHub\trackers\Debug\trackers.pdb" /SUBSYSTEM:CONSOLE /TLBID:1 /DYNAMICBASE /NXCOMPAT /IMPLIB:"C:\Users\xcy\Documents\GitHub\trackers\Debug\trackers.lib" /MACHINE:X86 Debug\cvtest.obj
         Debug\buffers.obj
         Debug\klttracker.obj
         Debug\convolve.obj
         Debug\error.obj
         Debug\klt.obj
         Debug\klt_util.obj
         Debug\pnmio.obj
         Debug\pyramid.obj
         Debug\selectGoodFeatures.obj
         Debug\storeFeatures.obj
         Debug\trackFeatures.obj
         Debug\trk.obj
         Debug\writeFeatures.obj
         Debug\mytrackerKLT.obj
         Debug\utils.obj
         trackers.vcxproj -> C:\Users\xcy\Documents\GitHub\trackers\Debug\trackers.exe
     1>Done Building Project "C:\Users\xcy\Documents\GitHub\trackers\trackers.vcxproj" (Build target(s)).

Build succeeded.

Time Elapsed 00:00:00.96
