c:\users\xcy\documents\github\trackers\debug\vc120.pdb
c:\users\xcy\documents\github\trackers\debug\vc120.idb
c:\users\xcy\documents\github\trackers\debug\cvtest.obj
c:\users\xcy\documents\github\trackers\debug\buffers.obj
c:\users\xcy\documents\github\trackers\debug\klttracker.obj
c:\users\xcy\documents\github\trackers\debug\convolve.obj
c:\users\xcy\documents\github\trackers\debug\error.obj
c:\users\xcy\documents\github\trackers\debug\klt.obj
c:\users\xcy\documents\github\trackers\debug\klt_util.obj
c:\users\xcy\documents\github\trackers\debug\pnmio.obj
c:\users\xcy\documents\github\trackers\debug\pyramid.obj
c:\users\xcy\documents\github\trackers\debug\selectgoodfeatures.obj
c:\users\xcy\documents\github\trackers\debug\storefeatures.obj
c:\users\xcy\documents\github\trackers\debug\trackfeatures.obj
c:\users\xcy\documents\github\trackers\debug\trk.obj
c:\users\xcy\documents\github\trackers\debug\writefeatures.obj
c:\users\xcy\documents\github\trackers\debug\mytrackerklt.obj
c:\users\xcy\documents\github\trackers\debug\utils.obj
c:\users\xcy\documents\github\trackers\vs2013\debug\vc120.pdb
c:\users\xcy\documents\github\trackers\debug\trackers.ilk
c:\users\xcy\documents\github\trackers\debug\trackers.exe
c:\users\xcy\documents\github\trackers\debug\trackers.pdb
c:\users\xcy\documents\github\trackers\vs2013\debug\buffers.obj
c:\users\xcy\documents\github\trackers\vs2013\debug\convolve.obj
c:\users\xcy\documents\github\trackers\vs2013\debug\cvtest.obj
c:\users\xcy\documents\github\trackers\vs2013\debug\error.obj
c:\users\xcy\documents\github\trackers\vs2013\debug\klt.obj
c:\users\xcy\documents\github\trackers\vs2013\debug\klttracker.obj
c:\users\xcy\documents\github\trackers\vs2013\debug\klt_util.obj
c:\users\xcy\documents\github\trackers\vs2013\debug\mytrackerklt.obj
c:\users\xcy\documents\github\trackers\vs2013\debug\pnmio.obj
c:\users\xcy\documents\github\trackers\vs2013\debug\pyramid.obj
c:\users\xcy\documents\github\trackers\vs2013\debug\selectgoodfeatures.obj
c:\users\xcy\documents\github\trackers\vs2013\debug\storefeatures.obj
c:\users\xcy\documents\github\trackers\vs2013\debug\trackfeatures.obj
c:\users\xcy\documents\github\trackers\vs2013\debug\trk.obj
c:\users\xcy\documents\github\trackers\vs2013\debug\utils.obj
c:\users\xcy\documents\github\trackers\vs2013\debug\writefeatures.obj
c:\users\xcy\documents\github\trackers\vs2013\debug\vc120.idb
c:\users\xcy\documents\github\trackers\vs2013\debug\trackers.pdb
c:\users\xcy\documents\github\trackers\vs2013\debug\trackers.tlog\cl.command.1.tlog
c:\users\xcy\documents\github\trackers\vs2013\debug\trackers.tlog\cl.read.1.tlog
c:\users\xcy\documents\github\trackers\vs2013\debug\trackers.tlog\cl.write.1.tlog
c:\users\xcy\documents\github\trackers\vs2013\debug\trackers.tlog\link-cvtres.read.1.tlog
c:\users\xcy\documents\github\trackers\vs2013\debug\trackers.tlog\link-cvtres.write.1.tlog
c:\users\xcy\documents\github\trackers\vs2013\debug\trackers.tlog\link-rc.read.1.tlog
c:\users\xcy\documents\github\trackers\vs2013\debug\trackers.tlog\link-rc.write.1.tlog
c:\users\xcy\documents\github\trackers\vs2013\debug\trackers.tlog\link.command.1.tlog
c:\users\xcy\documents\github\trackers\vs2013\debug\trackers.tlog\link.read.1.tlog
c:\users\xcy\documents\github\trackers\vs2013\debug\trackers.tlog\link.write.1.tlog
