Build started 12/11/2014 11:11:01 PM.
     1>Project "C:\Users\xcy\Documents\GitHub\trackers\vs2013\trackers.vcxproj" on node 2 (Build target(s)).
     1>ClCompile:
         C:\Program Files (x86)\Microsoft Visual Studio 12.0\VC\bin\CL.exe /c /Zi /nologo /W3 /WX- /Od /Oy- /D WIN32 /D _DEBUG /D _WINDOWS /Gm /EHsc /RTC1 /MDd /GS /fp:precise /Zc:wchar_t /Zc:forScope /Fo"Debug\\" /Fd"Debug\vc120.pdb" /Gd /TP /analyze- /errorReport:prompt ..\examples\cvtest.cpp ..\src\itf\trackers\buffers.cpp ..\src\itf\trackers\klttracker.cpp ..\src\itf\trackers\mytrackerKLT.cpp
         buffers.cpp
         Generating Code...
         Compiling...
         mytrackerKLT.cpp
     1>..\src\itf\trackers\mytrackerKLT.cpp(54): warning C4018: '<' : signed/unsigned mismatch
     1>..\src\itf\trackers\mytrackerKLT.cpp(110): warning C4018: '<' : signed/unsigned mismatch
     1>..\src\itf\trackers\mytrackerKLT.cpp(155): warning C4244: 'argument' : conversion from 'int' to 'float', possible loss of data
     1>..\src\itf\trackers\mytrackerKLT.cpp(159): warning C4244: 'argument' : conversion from 'float' to 'int', possible loss of data
     1>..\src\itf\trackers\mytrackerKLT.cpp(261): warning C4244: 'initializing' : conversion from 'int' to 'float', possible loss of data
     1>..\src\itf\trackers\mytrackerKLT.cpp(285): warning C4244: 'argument' : conversion from 'float' to 'int', possible loss of data
         klttracker.cpp
     1>..\src\itf\trackers\klttracker.cpp(257): warning C4244: '=' : conversion from 'double' to 'int', possible loss of data
     1>..\src\itf\trackers\klttracker.cpp(269): warning C4244: '=' : conversion from 'float' to 'unsigned char', possible loss of data
     1>..\src\itf\trackers\klttracker.cpp(270): warning C4244: '=' : conversion from 'float' to 'unsigned char', possible loss of data
     1>..\src\itf\trackers\klttracker.cpp(271): warning C4244: '=' : conversion from 'float' to 'unsigned char', possible loss of data
     1>..\src\itf\trackers\klttracker.cpp(277): warning C4244: '=' : conversion from 'double' to 'int', possible loss of data
     1>..\src\itf\trackers\klttracker.cpp(280): warning C4996: 'sprintf': This function or variable may be unsafe. Consider using sprintf_s instead. To disable deprecation, use _CRT_SECURE_NO_WARNINGS. See online help for details.
                 C:\Program Files (x86)\Microsoft Visual Studio 12.0\VC\include\stdio.h(356) : see declaration of 'sprintf'
         cvtest.cpp
     1>..\examples\cvtest.cpp(83): warning C4804: '~' : unsafe use of type 'bool' in operation
     1>..\examples\cvtest.cpp(43): warning C4101: 'fnamestr' : unreferenced local variable
         Generating Code...
     1>c:\users\xcy\documents\github\trackers\src\itf\trackers\mytrackerklt.cpp(155): warning C4700: uninitialized local variable 'y' used
     1>c:\users\xcy\documents\github\trackers\src\itf\trackers\mytrackerklt.cpp(155): warning C4700: uninitialized local variable 'x' used
       Link:
         C:\Program Files (x86)\Microsoft Visual Studio 12.0\VC\bin\link.exe /ERRORREPORT:PROMPT /OUT:"C:\Users\xcy\Documents\GitHub\trackers\vs2013\Debug\trackers.exe" /INCREMENTAL /NOLOGO opencv_calib3d249d.lib opencv_contrib249d.lib opencv_core249d.lib opencv_features2d249d.lib opencv_flann249d.lib opencv_gpu249d.lib opencv_highgui249d.lib opencv_imgproc249d.lib opencv_legacy249d.lib opencv_ml249d.lib opencv_nonfree249d.lib opencv_objdetect249d.lib opencv_ocl249d.lib opencv_photo249d.lib opencv_stitching249d.lib opencv_superres249d.lib opencv_ts249d.lib opencv_video249d.lib opencv_videostab249d.lib kernel32.lib user32.lib gdi32.lib winspool.lib comdlg32.lib advapi32.lib shell32.lib ole32.lib oleaut32.lib uuid.lib odbc32.lib odbccp32.lib /MANIFEST /MANIFESTUAC:"level='asInvoker' uiAccess='false'" /manifest:embed /DEBUG /PDB:"C:\Users\xcy\Documents\GitHub\trackers\vs2013\Debug\trackers.pdb" /SUBSYSTEM:CONSOLE /TLBID:1 /DYNAMICBASE /NXCOMPAT /IMPLIB:"C:\Users\xcy\Documents\GitHub\trackers\vs2013\Debug\trackers.lib" /MACHINE:X86 Debug\cvtest.obj
         Debug\buffers.obj
         Debug\klttracker.obj
         Debug\convolve.obj
         Debug\error.obj
         Debug\klt.obj
         Debug\klt_util.obj
         Debug\pnmio.obj
         Debug\pyramid.obj
         Debug\selectGoodFeatures.obj
         Debug\storeFeatures.obj
         Debug\trackFeatures.obj
         Debug\trk.obj
         Debug\writeFeatures.obj
         Debug\mytrackerKLT.obj
         Debug\utils.obj
         trackers.vcxproj -> C:\Users\xcy\Documents\GitHub\trackers\vs2013\Debug\trackers.exe
     1>Done Building Project "C:\Users\xcy\Documents\GitHub\trackers\vs2013\trackers.vcxproj" (Build target(s)).

Build succeeded.

Time Elapsed 00:00:03.67
